<?xml version="1.0" encoding="UTF-8"?>
<!-- Generated by org.testng.reporters.JUnitReportReporter -->
<testsuite hostname="Nilmie" failures="0" tests="1" name="Runner.TestRunner" time="22.564" errors="0" timestamp="2020-11-10T00:22:19 IST" skipped="0">
  <testcase classname="Runner.TestRunner" name="feature" time="22.564"/>
  <system-out/>
</testsuite> <!-- Runner.TestRunner -->
